<beans xmlns="http://www.springframework.org/schema/beans"
	xmlns:xsi="http://www.w3.org/2001/XMLSchema-instance" xmlns:p="http://www.springframework.org/schema/p"
	xmlns:context="http://www.springframework.org/schema/context"
	xmlns:mvc="http://www.springframework.org/schema/mvc"
	xmlns:aop="http://www.springframework.org/schema/aop"
	xsi:schemaLocation="
	http://www.springframework.org/schema/beans
	http://www.springframework.org/schema/beans/spring-beans-3.0.xsd
	http://www.springframework.org/schema/context
	http://www.springframework.org/schema/context/spring-context-3.0.xsd
	http://www.springframework.org/schema/mvc
	http://www.springframework.org/schema/mvc/spring-mvc-3.0.xsd
		http://www.springframework.org/schema/aop
	http://www.springframework.org/schema/aop/spring-aop.xsd
	">
	
    <context:annotation-config />
	<!--主动扫描Controller的配置，使得控制器能够扫描到相关的类 -->
	<context:component-scan base-package="net.caiban.pc.erp.controller" />
	<import resource="test-spring-service.xml" />

	<!--<bean id="conversionService" class="org.springframework.format.support.FormattingConversionServiceFactoryBean"/>-->
	<!--<bean class="org.springframework.web.servlet.mvc.annotation.AnnotationMethodHandlerAdapter">-->
		<!--<property name="webBindingInitializer">-->
			<!--<bean-->
				<!--class="org.springframework.web.bind.support.ConfigurableWebBindingInitializer">-->
				<!--<property name="conversionService" ref="conversionService" />-->
			<!--</bean>-->
		<!--</property>-->
		<!--<property name="messageConverters">-->
			<!--<list>-->
				<!--<ref bean="mappingJacksonHttpMessageConverter" />&lt;!&ndash; json转换器 &ndash;&gt;-->
			<!--</list>-->
		<!--</property>-->
	<!--</bean>-->

	<!--<bean id="mappingJacksonHttpMessageConverter" class="org.springframework.http.converter.json.MappingJacksonHttpMessageConverter" />-->
	<!---->
	<!--<bean-->
		<!--class="org.springframework.web.servlet.mvc.support.ControllerClassNameHandlerMapping">-->
		<!--<property name="caseSensitive"  value="false" />-->
		<!--<property name="basePackage"    value="net.caiban.pc.erp.controller" />-->
		<!--<property name="defaultHandler" value="rootController" />-->
	<!--</bean>-->

<!-- 	<bean id="velocityConfigurer"
		class="org.springframework.web.servlet.view.velocity.VelocityConfigurer">
		<property name="resourceLoaderPath" value="/WEB-INF/views/" /> 
		<property name="velocityProperties">
			<props>
				<prop key="input.encoding">utf-8</prop>
				<prop key="output.encoding">utf-8</prop>
				<prop key="velocimacro.library">macro.vm</prop>
				<prop key="velocimacro.library.autoreload">true</prop>
			</props>
		</property>
	</bean>

	<bean id="viewResolver"
		class="org.springframework.web.servlet.view.velocity.VelocityLayoutViewResolver">
		<property name="suffix" value=".vm" />
		<property name="contentType" value="text/html;charset=UTF-8" />
		<property name="cache" value="true" />
		<property name="layoutUrl" value="layout/default.vm" />
		<property name="toolboxConfigLocation" value="WEB-INF/vm-toolbox.xml" />
	</bean> -->

	<!-- 定义国际化消息 说明:dispatcherServlet.xml 只会在servlet做出响应,所以加载信息应该放置在servlet中. -->
	<bean id="messageSource"
		class="org.springframework.context.support.ResourceBundleMessageSource">
		<!-- 其中basename用来指定properties文件的通用名 如实例中的messages_en.properties,messages_ja.properties通用名都是messages -->
		<property name="basename" value="messages" />
		<property name="defaultEncoding" value="UTF-8" />
		<property name="useCodeAsDefaultMessage" value="true" />
	</bean>

	<!-- 配置基于Session的处理,将提交上来的locale参数进行处理 
	<bean id="localeResolver" class="org.springframework.web.servlet.i18n.CookieLocaleResolver"/>
	-->
	<bean id="localeResolver"
		class="org.springframework.web.servlet.i18n.SessionLocaleResolver">
	</bean>

	<!-- 国际化请求拦截器处理 -->
	
	<mvc:interceptors>
		<bean class="org.springframework.web.servlet.i18n.LocaleChangeInterceptor" />
	</mvc:interceptors>

</beans>